This is XeTeX, Version 3.1415926-2.5-0.9999.3 (MiKTeX 2.9 64-bit) (preloaded format=xelatex 2013.12.15)  6 JAN 2014 08:56
entering extended mode
**IA54_TrafficSimulator_Rapport.tex

(C:\Users\Top-K\Documents\GitHub\IA54-TrafficSimulator\Rapport\IA54_TrafficSimu
lator_Rapport.tex
LaTeX2e <2011/06/27>
Babel <v3.8m> and hyphenation patterns for english, afrikaans, ancientgreek, ar
abic, armenian, assamese, basque, bengali, bokmal, bulgarian, catalan, coptic, 
croatian, czech, danish, dutch, esperanto, estonian, farsi, finnish, french, ga
lician, german, german-x-2013-05-26, greek, gujarati, hindi, hungarian, iceland
ic, indonesian, interlingua, irish, italian, kannada, kurmanji, latin, latvian,
 lithuanian, malayalam, marathi, mongolian, mongolianlmc, monogreek, ngerman, n
german-x-2013-05-26, nynorsk, oriya, panjabi, pinyin, polish, portuguese, roman
ian, russian, sanskrit, serbian, slovak, slovenian, spanish, swedish, swissgerm
an, tamil, telugu, turkish, turkmen, ukenglish, ukrainian, uppersorbian, usengl
ishmax, welsh, loaded.
("D:\MiKTeX 2.9\tex\latex\base\report.cls"
Document Class: report 2007/10/19 v1.4h Standard LaTeX document class
("D:\MiKTeX 2.9\tex\latex\base\size12.clo"
File: size12.clo 2007/10/19 v1.4h Standard LaTeX file (size option)
Requested font "cmr12" at 12.0pt
)
\c@part=\count80
\c@chapter=\count81
\c@section=\count82
\c@subsection=\count83
\c@subsubsection=\count84
\c@paragraph=\count85
\c@subparagraph=\count86
\c@figure=\count87
\c@table=\count88
\abovecaptionskip=\skip41
\belowcaptionskip=\skip42
\bibindent=\dimen102
)
("D:\MiKTeX 2.9\tex\latex\base\inputenc.sty"
Package: inputenc 2008/03/30 v1.1d Input encoding file
\inpenc@prehook=\toks14
\inpenc@posthook=\toks15

("D:\MiKTeX 2.9\tex\latex\base\latin1.def"
File: latin1.def 2008/03/30 v1.1d Input encoding file
))
("D:\MiKTeX 2.9\tex\latex\base\fontenc.sty"
Package: fontenc 2005/09/27 v1.99g Standard LaTeX package

("D:\MiKTeX 2.9\tex\latex\base\t1enc.def"
File: t1enc.def 2005/09/27 v1.99g Standard LaTeX file
LaTeX Font Info:    Redeclaring font encoding T1 on input line 43.
)
Requested font "ecrm1200" at 12.0pt
)
("D:\MiKTeX 2.9\tex\generic\babel\babel.sty"
Package: babel 2008/07/08 v3.8m The Babel package

*************************************
* Local config file bblopts.cfg used
*
("D:\MiKTeX 2.9\tex\latex\00miktex\bblopts.cfg"
File: bblopts.cfg 2006/07/31 v1.0 MiKTeX 'babel' configuration
)
("D:\MiKTeX 2.9\tex\generic\babel\english.ldf"
Language: english 2005/03/30 v3.3o English support from the babel system

("D:\MiKTeX 2.9\tex\generic\babel\babel.def"
File: babel.def 2008/07/08 v3.8m Babel common definitions
\babel@savecnt=\count89
\U@D=\dimen103
)
\l@canadian = a dialect from \language\l@american 
\l@australian = a dialect from \language\l@british 
\l@newzealand = a dialect from \language\l@british 
)
("D:\MiKTeX 2.9\tex\generic\babel\frenchb.ldf"
Language: frenchb 2009/03/16 v2.3d French support from the babel system
Package babel Info: Making : an active character on input line 120.
Package babel Info: Making ; an active character on input line 121.
Package babel Info: Making ! an active character on input line 122.
Package babel Info: Making ? an active character on input line 123.
\FB@Mht=\dimen104
\std@mcc=\count90
\dec@mcc=\count91
\parindentFFN=\dimen105

*************************************
* Local config file frenchb.cfg used
*
("D:\MiKTeX 2.9\tex\generic\babel\frenchb.cfg")))
("D:\MiKTeX 2.9\tex\latex\carlisle\scalefnt.sty")
("D:\MiKTeX 2.9\tex\latex\graphics\keyval.sty"
Package: keyval 1999/03/16 v1.13 key=value parser (DPC)
\KV@toks@=\toks16
)
("D:\MiKTeX 2.9\tex\latex\geometry\geometry.sty"
Package: geometry 2010/09/12 v5.6 Page Geometry

("D:\MiKTeX 2.9\tex\generic\oberdiek\ifpdf.sty"
Package: ifpdf 2011/01/30 v2.3 Provides the ifpdf switch (HO)
Package ifpdf Info: pdfTeX in PDF mode is not detected.
)
("D:\MiKTeX 2.9\tex\generic\oberdiek\ifvtex.sty"
Package: ifvtex 2010/03/01 v1.5 Detect VTeX and its facilities (HO)
Package ifvtex Info: VTeX not detected.
)
("D:\MiKTeX 2.9\tex\generic\ifxetex\ifxetex.sty"
Package: ifxetex 2010/09/12 v0.6 Provides ifxetex conditional
)
\Gm@cnth=\count92
\Gm@cntv=\count93
\c@Gm@tempcnt=\count94
\Gm@bindingoffset=\dimen106
\Gm@wd@mp=\dimen107
\Gm@odd@mp=\dimen108
\Gm@even@mp=\dimen109
\Gm@layoutwidth=\dimen110
\Gm@layoutheight=\dimen111
\Gm@layouthoffset=\dimen112
\Gm@layoutvoffset=\dimen113
\Gm@dimlist=\toks17

("D:\MiKTeX 2.9\tex\xelatex\xetexconfig\geometry.cfg"))
("D:\MiKTeX 2.9\tex\latex\url\url.sty"
\Urlmuskip=\muskip10
Package: url 2006/04/12  ver 3.3  Verb mode for urls, etc.
)
("D:\MiKTeX 2.9\tex\latex\graphics\graphicx.sty"
Package: graphicx 1999/02/16 v1.0f Enhanced LaTeX Graphics (DPC,SPQR)

("D:\MiKTeX 2.9\tex\latex\graphics\graphics.sty"
Package: graphics 2009/02/05 v1.0o Standard LaTeX Graphics (DPC,SPQR)

("D:\MiKTeX 2.9\tex\latex\graphics\trig.sty"
Package: trig 1999/03/16 v1.09 sin cos tan (DPC)
)
("D:\MiKTeX 2.9\tex\latex\00miktex\graphics.cfg"
File: graphics.cfg 2007/01/18 v1.5 graphics configuration of teTeX/TeXLive
)
Package graphics Info: Driver file: xetex.def on input line 91.

("D:\MiKTeX 2.9\tex\xelatex\xetex-def\xetex.def"
File: xetex.def 2013/04/29 v0.96 LaTeX color/graphics driver for XeTeX (RRM/JK)

))
\Gin@req@height=\dimen114
\Gin@req@width=\dimen115
)
("D:\MiKTeX 2.9\tex\latex\float\float.sty"
Package: float 2001/11/08 v1.3d Float enhancements (AL)
\c@float@type=\count95
\float@exts=\toks18
\float@box=\box26
\@float@everytoks=\toks19
\@floatcapt=\box27
)
("D:\MiKTeX 2.9\tex\latex\hyperref\hyperref.sty"
Package: hyperref 2012/11/06 v6.83m Hypertext links for LaTeX

("D:\MiKTeX 2.9\tex\generic\oberdiek\hobsub-hyperref.sty"
Package: hobsub-hyperref 2012/04/25 v1.12 Bundle oberdiek, subset hyperref (HO)


("D:\MiKTeX 2.9\tex\generic\oberdiek\hobsub-generic.sty"
Package: hobsub-generic 2012/04/25 v1.12 Bundle oberdiek, subset generic (HO)
Package: hobsub 2012/04/25 v1.12 Construct package bundles (HO)
Package: infwarerr 2010/04/08 v1.3 Providing info/warning/error messages (HO)
Package: ltxcmds 2011/11/09 v1.22 LaTeX kernel commands for general use (HO)
Package: ifluatex 2010/03/01 v1.3 Provides the ifluatex switch (HO)
Package ifluatex Info: LuaTeX not detected.
Package hobsub Info: Skipping package `ifvtex' (already loaded).
Package: intcalc 2007/09/27 v1.1 Expandable calculations with integers (HO)
Package hobsub Info: Skipping package `ifpdf' (already loaded).
Package: etexcmds 2011/02/16 v1.5 Avoid name clashes with e-TeX commands (HO)
Package etexcmds Info: Could not find \expanded.
(etexcmds)             That can mean that you are not using pdfTeX 1.50 or
(etexcmds)             that some package has redefined \expanded.
(etexcmds)             In the latter case, load this package earlier.
Package: kvsetkeys 2012/04/25 v1.16 Key value parser (HO)
Package: kvdefinekeys 2011/04/07 v1.3 Define keys (HO)
Package: pdftexcmds 2011/11/29 v0.20 Utility functions of pdfTeX for LuaTeX (HO
)
Package pdftexcmds Info: LuaTeX not detected.
Package pdftexcmds Info: pdfTeX >= 1.30 not detected.
Package pdftexcmds Info: \pdf@primitive is available.
Package pdftexcmds Info: \pdf@ifprimitive is available.
Package pdftexcmds Info: \pdfdraftmode not found.
Package: pdfescape 2011/11/25 v1.13 Implements pdfTeX's escape features (HO)
Package: bigintcalc 2012/04/08 v1.3 Expandable calculations on big integers (HO
)
Package: bitset 2011/01/30 v1.1 Handle bit-vector datatype (HO)
Package: uniquecounter 2011/01/30 v1.2 Provide unlimited unique counter (HO)
)
Package hobsub Info: Skipping package `hobsub' (already loaded).
Package: letltxmacro 2010/09/02 v1.4 Let assignment for LaTeX macros (HO)
Package: hopatch 2011/06/24 v1.1 Wrapper for package hooks (HO)
Package: xcolor-patch 2011/01/30 xcolor patch
Package: atveryend 2011/06/30 v1.8 Hooks at the very end of document (HO)
Package atveryend Info: \enddocument detected (standard20110627).
Package: atbegshi 2011/10/05 v1.16 At begin shipout hook (HO)
Package: refcount 2011/10/16 v3.4 Data extraction from label references (HO)
Package: hycolor 2011/01/30 v1.7 Color options for hyperref/bookmark (HO)
)
("D:\MiKTeX 2.9\tex\latex\oberdiek\auxhook.sty"
Package: auxhook 2011/03/04 v1.3 Hooks for auxiliary files (HO)
)
("D:\MiKTeX 2.9\tex\latex\oberdiek\kvoptions.sty"
Package: kvoptions 2011/06/30 v3.11 Key value format for package options (HO)
)
\@linkdim=\dimen116
\Hy@linkcounter=\count96
\Hy@pagecounter=\count97

("D:\MiKTeX 2.9\tex\latex\hyperref\pd1enc.def"
File: pd1enc.def 2012/11/06 v6.83m Hyperref: PDFDocEncoding definition (HO)
)
\Hy@SavedSpaceFactor=\count98

("D:\MiKTeX 2.9\tex\latex\00miktex\hyperref.cfg"
File: hyperref.cfg 2002/06/06 v1.2 hyperref configuration of TeXLive
)
Package hyperref Info: Hyper figures OFF on input line 4443.
Package hyperref Info: Link nesting OFF on input line 4448.
Package hyperref Info: Hyper index ON on input line 4451.
Package hyperref Info: Plain pages OFF on input line 4458.
Package hyperref Info: Backreferencing OFF on input line 4463.
Package hyperref Info: Implicit mode ON; LaTeX internals redefined.
Package hyperref Info: Bookmarks ON on input line 4688.
\c@Hy@tempcnt=\count99
LaTeX Info: Redefining \url on input line 5041.
\XeTeXLinkMargin=\dimen117
Requested font "pzdr" at 0.00002pt
\Fld@menulength=\count100
\Field@Width=\dimen118
\Fld@charsize=\dimen119
Package hyperref Info: Hyper figures OFF on input line 6295.
Package hyperref Info: Link nesting OFF on input line 6300.
Package hyperref Info: Hyper index ON on input line 6303.
Package hyperref Info: backreferencing OFF on input line 6310.
Package hyperref Info: Link coloring OFF on input line 6315.
Package hyperref Info: Link coloring with OCG OFF on input line 6320.
Package hyperref Info: PDF/A mode OFF on input line 6325.
LaTeX Info: Redefining \ref on input line 6365.
LaTeX Info: Redefining \pageref on input line 6369.
\Hy@abspage=\count101
\c@Item=\count102
\c@Hfootnote=\count103
)

Package hyperref Message: Driver (autodetected): hxetex.

("D:\MiKTeX 2.9\tex\latex\hyperref\hxetex.def"
File: hxetex.def 2012/11/06 v6.83m Hyperref driver for XeTeX

("D:\MiKTeX 2.9\tex\latex\hyperref\puenc.def"
File: puenc.def 2012/11/06 v6.83m Hyperref: PDF Unicode definition (HO)
)
("D:\MiKTeX 2.9\tex\generic\oberdiek\stringenc.sty"
Package: stringenc 2011/12/02 v1.10 Convert strings between diff. encodings (HO
)
)
\pdfm@box=\box28
\c@Hy@AnnotLevel=\count104
\HyField@AnnotCount=\count105
\Fld@listcount=\count106
\c@bookmark@seq@number=\count107

("D:\MiKTeX 2.9\tex\latex\oberdiek\rerunfilecheck.sty"
Package: rerunfilecheck 2011/04/15 v1.7 Rerun checks for auxiliary files (HO)
Package rerunfilecheck Info: Feature \pdfmdfivesum is not available
(rerunfilecheck)             (e.g. pdfTeX or LuaTeX with package `pdftexcmds').

(rerunfilecheck)             Therefore file contents cannot be checked efficien
tly
(rerunfilecheck)             and the loading of the package is aborted.
)
\Hy@SectionHShift=\skip43
)
("D:\MiKTeX 2.9\tex\latex\tools\indentfirst.sty"
Package: indentfirst 1995/11/23 v1.03 Indent first paragraph (DPC)
)
("D:\MiKTeX 2.9\tex\latex\eurosym\eurosym.sty"
Package: eurosym 1998/08/06 v1.1 European currency symbol ``Euro''
\@eurobox=\box29
)
("D:\MiKTeX 2.9\tex\latex\was\gensymb.sty"
Package: gensymb 2003/07/02 v1.0 (WaS)
)
("D:\MiKTeX 2.9\tex\latex\tools\multicol.sty"
Package: multicol 2011/06/27 v1.7a multicolumn formatting (FMi)
\c@tracingmulticols=\count108
\mult@box=\box30
\multicol@leftmargin=\dimen120
\c@unbalance=\count109
\c@collectmore=\count110
\doublecol@number=\count111
\multicoltolerance=\count112
\multicolpretolerance=\count113
\full@width=\dimen121
\page@free=\dimen122
\premulticols=\dimen123
\postmulticols=\dimen124
\multicolsep=\skip44
\multicolbaselineskip=\skip45
\partial@page=\box31
\last@line=\box32
\mult@rightbox=\box33
\mult@grightbox=\box34
\mult@gfirstbox=\box35
\mult@firstbox=\box36
\@tempa=\box37
\@tempa=\box38
\@tempa=\box39
\@tempa=\box40
\@tempa=\box41
\@tempa=\box42
\@tempa=\box43
\@tempa=\box44
\@tempa=\box45
\@tempa=\box46
\@tempa=\box47
\@tempa=\box48
\@tempa=\box49
\@tempa=\box50
\@tempa=\box51
\@tempa=\box52
\@tempa=\box53
\c@columnbadness=\count114
\c@finalcolumnbadness=\count115
\last@try=\dimen125
\multicolovershoot=\dimen126
\multicolundershoot=\dimen127
\mult@nat@firstbox=\box54
\colbreak@box=\box55
\multicol@sort@counter=\count116
)
("D:\MiKTeX 2.9\tex\latex\graphics\lscape.sty"
Package: lscape 2000/10/22 v3.01 Landscape Pages (DPC)
)
("D:\MiKTeX 2.9\tex\latex\amsmath\amsmath.sty"
Package: amsmath 2013/01/14 v2.14 AMS math features
\@mathmargin=\skip46

For additional information on amsmath, use the `?' option.
("D:\MiKTeX 2.9\tex\latex\amsmath\amstext.sty"
Package: amstext 2000/06/29 v2.01

("D:\MiKTeX 2.9\tex\latex\amsmath\amsgen.sty"
File: amsgen.sty 1999/11/30 v2.0
\@emptytoks=\toks20
\ex@=\dimen128
))
("D:\MiKTeX 2.9\tex\latex\amsmath\amsbsy.sty"
Package: amsbsy 1999/11/29 v1.2d
\pmbraise@=\dimen129
)
("D:\MiKTeX 2.9\tex\latex\amsmath\amsopn.sty"
Package: amsopn 1999/12/14 v2.01 operator names
)
\inf@bad=\count117
LaTeX Info: Redefining \frac on input line 210.
\uproot@=\count118
\leftroot@=\count119
LaTeX Info: Redefining \overline on input line 306.
\classnum@=\count120
\DOTSCASE@=\count121
LaTeX Info: Redefining \ldots on input line 378.
LaTeX Info: Redefining \dots on input line 381.
LaTeX Info: Redefining \cdots on input line 466.
\Mathstrutbox@=\box56
\strutbox@=\box57
\big@size=\dimen130
LaTeX Font Info:    Redeclaring font encoding OML on input line 566.
LaTeX Font Info:    Redeclaring font encoding OMS on input line 567.
\macc@depth=\count122
\c@MaxMatrixCols=\count123
\dotsspace@=\muskip11
\c@parentequation=\count124
\dspbrk@lvl=\count125
\tag@help=\toks21
\row@=\count126
\column@=\count127
\maxfields@=\count128
\andhelp@=\toks22
\eqnshift@=\dimen131
\alignsep@=\dimen132
\tagshift@=\dimen133
\tagwidth@=\dimen134
\totwidth@=\dimen135
\lineht@=\dimen136
\@envbody=\toks23
\multlinegap=\skip47
\multlinetaggap=\skip48
\mathdisplay@stack=\toks24
LaTeX Info: Redefining \[ on input line 2665.
LaTeX Info: Redefining \] on input line 2666.
)
("D:\MiKTeX 2.9\tex\latex\tools\array.sty"
Package: array 2008/09/09 v2.4c Tabular extension package (FMi)
\col@sep=\dimen137
\extrarowheight=\dimen138
\NC@list=\toks25
\extratabsurround=\skip49
\backup@length=\skip50
)
("D:\MiKTeX 2.9\tex\latex\caption\caption.sty"
Package: caption 2013/05/02 v3.3-89 Customizing captions (AR)

("D:\MiKTeX 2.9\tex\latex\caption\caption3.sty"
Package: caption3 2013/05/02 v1.6-88 caption3 kernel (AR)
Package caption3 Info: TeX engine: e-TeX on input line 57.
\captionmargin=\dimen139
\captionmargin@=\dimen140
\captionwidth=\dimen141
\caption@tempdima=\dimen142
\caption@indent=\dimen143
\caption@parindent=\dimen144
\caption@hangindent=\dimen145
)
\c@ContinuedFloat=\count129
Package caption Info: float package is loaded.
Package caption Info: hyperref package is loaded.
)
("D:\MiKTeX 2.9\tex\latex\caption\subcaption.sty"
Package: subcaption 2013/02/03 v1.1-62 Sub-captions (AR)
\c@subfigure=\count130
\c@subtable=\count131
)
("D:\MiKTeX 2.9\tex\latex\appendix\appendix.sty"
Package: appendix 2009/09/02 v1.2b extra appendix facilities
\c@@pps=\count132
\c@@ppsavesec=\count133
\c@@ppsaveapp=\count134
)
("D:\MiKTeX 2.9\tex\latex\pgf\frontendlayer\tikz.sty"
("D:\MiKTeX 2.9\tex\latex\pgf\basiclayer\pgf.sty"
("D:\MiKTeX 2.9\tex\latex\pgf\utilities\pgfrcs.sty"
("D:\MiKTeX 2.9\tex\generic\pgf\utilities\pgfutil-common.tex"
\pgfutil@everybye=\toks26
)
("D:\MiKTeX 2.9\tex\generic\pgf\utilities\pgfutil-latex.def"
\pgfutil@abb=\box58

("D:\MiKTeX 2.9\tex\latex\ms\everyshi.sty"
Package: everyshi 2001/05/15 v3.00 EveryShipout Package (MS)
))
("D:\MiKTeX 2.9\tex\generic\pgf\utilities\pgfrcs.code.tex"
Package: pgfrcs 2010/10/25 v2.10 (rcs-revision 1.24)
))
Package: pgf 2008/01/15 v2.10 (rcs-revision 1.12)

("D:\MiKTeX 2.9\tex\latex\pgf\basiclayer\pgfcore.sty"
("D:\MiKTeX 2.9\tex\latex\pgf\systemlayer\pgfsys.sty"
("D:\MiKTeX 2.9\tex\generic\pgf\systemlayer\pgfsys.code.tex"
Package: pgfsys 2010/06/30 v2.10 (rcs-revision 1.37)

("D:\MiKTeX 2.9\tex\generic\pgf\utilities\pgfkeys.code.tex"
\pgfkeys@pathtoks=\toks27
\pgfkeys@temptoks=\toks28

("D:\MiKTeX 2.9\tex\generic\pgf\utilities\pgfkeysfiltered.code.tex"
\pgfkeys@tmptoks=\toks29
))
\pgf@x=\dimen146
\pgf@y=\dimen147
\pgf@xa=\dimen148
\pgf@ya=\dimen149
\pgf@xb=\dimen150
\pgf@yb=\dimen151
\pgf@xc=\dimen152
\pgf@yc=\dimen153
\w@pgf@writea=\write3
\r@pgf@reada=\read1
\c@pgf@counta=\count135
\c@pgf@countb=\count136
\c@pgf@countc=\count137
\c@pgf@countd=\count138

("D:\MiKTeX 2.9\tex\generic\pgf\systemlayer\pgf.cfg"
File: pgf.cfg 2008/05/14  (rcs-revision 1.7)
)
Package pgfsys Info: Driver file for pgf: pgfsys-xetex.def on input line 900.

("D:\MiKTeX 2.9\tex\generic\pgf\systemlayer\pgfsys-xetex.def"
File: pgfsys-xetex.def 2010/02/16  (rcs-revision 1.3)

("D:\MiKTeX 2.9\tex\generic\pgf\systemlayer\pgfsys-common-pdf.def"
File: pgfsys-common-pdf.def 2008/05/19  (rcs-revision 1.10)
)
("D:\MiKTeX 2.9\tex\generic\pgf\systemlayer\pgfsys-common-pdf-via-dvi.def"
File: pgfsys-common-pdf-via-dvi.def 2008/05/19  (rcs-revision 1.7)
)))
("D:\MiKTeX 2.9\tex\generic\pgf\systemlayer\pgfsyssoftpath.code.tex"
File: pgfsyssoftpath.code.tex 2008/07/18  (rcs-revision 1.7)
\pgfsyssoftpath@smallbuffer@items=\count139
\pgfsyssoftpath@bigbuffer@items=\count140
)
("D:\MiKTeX 2.9\tex\generic\pgf\systemlayer\pgfsysprotocol.code.tex"
File: pgfsysprotocol.code.tex 2006/10/16  (rcs-revision 1.4)
))
("D:\MiKTeX 2.9\tex\latex\xcolor\xcolor.sty"
Package: xcolor 2007/01/21 v2.11 LaTeX color extensions (UK)

("D:\MiKTeX 2.9\tex\latex\00miktex\color.cfg"
File: color.cfg 2007/01/18 v1.5 color configuration of teTeX/TeXLive
)
Package xcolor Info: Driver file: xetex.def on input line 225.
Package xcolor Info: Model `cmy' substituted by `cmy0' on input line 1337.
Package xcolor Info: Model `RGB' extended on input line 1353.
Package xcolor Info: Model `HTML' substituted by `rgb' on input line 1355.
Package xcolor Info: Model `Hsb' substituted by `hsb' on input line 1356.
Package xcolor Info: Model `tHsb' substituted by `hsb' on input line 1357.
Package xcolor Info: Model `HSB' substituted by `hsb' on input line 1358.
Package xcolor Info: Model `Gray' substituted by `gray' on input line 1359.
Package xcolor Info: Model `wave' substituted by `hsb' on input line 1360.
)
("D:\MiKTeX 2.9\tex\generic\pgf\basiclayer\pgfcore.code.tex"
Package: pgfcore 2010/04/11 v2.10 (rcs-revision 1.7)

("D:\MiKTeX 2.9\tex\generic\pgf\math\pgfmath.code.tex"
("D:\MiKTeX 2.9\tex\generic\pgf\math\pgfmathcalc.code.tex"
("D:\MiKTeX 2.9\tex\generic\pgf\math\pgfmathutil.code.tex")
("D:\MiKTeX 2.9\tex\generic\pgf\math\pgfmathparser.code.tex"
\pgfmath@dimen=\dimen154
\pgfmath@count=\count141
\pgfmath@box=\box59
\pgfmath@toks=\toks30
\pgfmath@stack@operand=\toks31
\pgfmath@stack@operation=\toks32
)
("D:\MiKTeX 2.9\tex\generic\pgf\math\pgfmathfunctions.code.tex"
("D:\MiKTeX 2.9\tex\generic\pgf\math\pgfmathfunctions.basic.code.tex")
("D:\MiKTeX 2.9\tex\generic\pgf\math\pgfmathfunctions.trigonometric.code.tex")
("D:\MiKTeX 2.9\tex\generic\pgf\math\pgfmathfunctions.random.code.tex")
("D:\MiKTeX 2.9\tex\generic\pgf\math\pgfmathfunctions.comparison.code.tex")
("D:\MiKTeX 2.9\tex\generic\pgf\math\pgfmathfunctions.base.code.tex")
("D:\MiKTeX 2.9\tex\generic\pgf\math\pgfmathfunctions.round.code.tex")
("D:\MiKTeX 2.9\tex\generic\pgf\math\pgfmathfunctions.misc.code.tex")))
("D:\MiKTeX 2.9\tex\generic\pgf\math\pgfmathfloat.code.tex"
\c@pgfmathroundto@lastzeros=\count142
))
("D:\MiKTeX 2.9\tex\generic\pgf\basiclayer\pgfcorepoints.code.tex"
File: pgfcorepoints.code.tex 2010/04/09  (rcs-revision 1.20)
\pgf@picminx=\dimen155
\pgf@picmaxx=\dimen156
\pgf@picminy=\dimen157
\pgf@picmaxy=\dimen158
\pgf@pathminx=\dimen159
\pgf@pathmaxx=\dimen160
\pgf@pathminy=\dimen161
\pgf@pathmaxy=\dimen162
\pgf@xx=\dimen163
\pgf@xy=\dimen164
\pgf@yx=\dimen165
\pgf@yy=\dimen166
\pgf@zx=\dimen167
\pgf@zy=\dimen168
)
("D:\MiKTeX 2.9\tex\generic\pgf\basiclayer\pgfcorepathconstruct.code.tex"
File: pgfcorepathconstruct.code.tex 2010/08/03  (rcs-revision 1.24)
\pgf@path@lastx=\dimen169
\pgf@path@lasty=\dimen170
)
("D:\MiKTeX 2.9\tex\generic\pgf\basiclayer\pgfcorepathusage.code.tex"
File: pgfcorepathusage.code.tex 2008/04/22  (rcs-revision 1.12)
\pgf@shorten@end@additional=\dimen171
\pgf@shorten@start@additional=\dimen172
)
("D:\MiKTeX 2.9\tex\generic\pgf\basiclayer\pgfcorescopes.code.tex"
File: pgfcorescopes.code.tex 2010/09/08  (rcs-revision 1.34)
\pgfpic=\box60
\pgf@hbox=\box61
\pgf@layerbox@main=\box62
\pgf@picture@serial@count=\count143
)
("D:\MiKTeX 2.9\tex\generic\pgf\basiclayer\pgfcoregraphicstate.code.tex"
File: pgfcoregraphicstate.code.tex 2008/04/22  (rcs-revision 1.9)
\pgflinewidth=\dimen173
)
("D:\MiKTeX 2.9\tex\generic\pgf\basiclayer\pgfcoretransformations.code.tex"
File: pgfcoretransformations.code.tex 2009/06/10  (rcs-revision 1.11)
\pgf@pt@x=\dimen174
\pgf@pt@y=\dimen175
\pgf@pt@temp=\dimen176
)
("D:\MiKTeX 2.9\tex\generic\pgf\basiclayer\pgfcorequick.code.tex"
File: pgfcorequick.code.tex 2008/10/09  (rcs-revision 1.3)
)
("D:\MiKTeX 2.9\tex\generic\pgf\basiclayer\pgfcoreobjects.code.tex"
File: pgfcoreobjects.code.tex 2006/10/11  (rcs-revision 1.2)
)
("D:\MiKTeX 2.9\tex\generic\pgf\basiclayer\pgfcorepathprocessing.code.tex"
File: pgfcorepathprocessing.code.tex 2008/10/09  (rcs-revision 1.8)
)
("D:\MiKTeX 2.9\tex\generic\pgf\basiclayer\pgfcorearrows.code.tex"
File: pgfcorearrows.code.tex 2008/04/23  (rcs-revision 1.11)
)
("D:\MiKTeX 2.9\tex\generic\pgf\basiclayer\pgfcoreshade.code.tex"
File: pgfcoreshade.code.tex 2008/11/23  (rcs-revision 1.13)
\pgf@max=\dimen177
\pgf@sys@shading@range@num=\count144
)
("D:\MiKTeX 2.9\tex\generic\pgf\basiclayer\pgfcoreimage.code.tex"
File: pgfcoreimage.code.tex 2010/03/25  (rcs-revision 1.16)

("D:\MiKTeX 2.9\tex\generic\pgf\basiclayer\pgfcoreexternal.code.tex"
File: pgfcoreexternal.code.tex 2010/09/01  (rcs-revision 1.17)
\pgfexternal@startupbox=\box63
))
("D:\MiKTeX 2.9\tex\generic\pgf\basiclayer\pgfcorelayers.code.tex"
File: pgfcorelayers.code.tex 2010/08/27  (rcs-revision 1.2)
)
("D:\MiKTeX 2.9\tex\generic\pgf\basiclayer\pgfcoretransparency.code.tex"
File: pgfcoretransparency.code.tex 2008/01/17  (rcs-revision 1.2)
)
("D:\MiKTeX 2.9\tex\generic\pgf\basiclayer\pgfcorepatterns.code.tex"
File: pgfcorepatterns.code.tex 2009/07/02  (rcs-revision 1.3)
)))
("D:\MiKTeX 2.9\tex\generic\pgf\modules\pgfmoduleshapes.code.tex"
File: pgfmoduleshapes.code.tex 2010/09/09  (rcs-revision 1.13)
\pgfnodeparttextbox=\box64
)
("D:\MiKTeX 2.9\tex\generic\pgf\modules\pgfmoduleplot.code.tex"
File: pgfmoduleplot.code.tex 2010/10/22  (rcs-revision 1.8)
)
("D:\MiKTeX 2.9\tex\latex\pgf\compatibility\pgfcomp-version-0-65.sty"
Package: pgfcomp-version-0-65 2007/07/03 v2.10 (rcs-revision 1.7)
\pgf@nodesepstart=\dimen178
\pgf@nodesepend=\dimen179
)
("D:\MiKTeX 2.9\tex\latex\pgf\compatibility\pgfcomp-version-1-18.sty"
Package: pgfcomp-version-1-18 2007/07/23 v2.10 (rcs-revision 1.1)
))
("D:\MiKTeX 2.9\tex\latex\pgf\utilities\pgffor.sty"
("D:\MiKTeX 2.9\tex\latex\pgf\utilities\pgfkeys.sty"
("D:\MiKTeX 2.9\tex\generic\pgf\utilities\pgfkeys.code.tex"))
("D:\MiKTeX 2.9\tex\generic\pgf\utilities\pgffor.code.tex"
Package: pgffor 2010/03/23 v2.10 (rcs-revision 1.18)
\pgffor@iter=\dimen180
\pgffor@skip=\dimen181
\pgffor@stack=\toks33
\pgffor@toks=\toks34
))
("D:\MiKTeX 2.9\tex\generic\pgf\frontendlayer\tikz\tikz.code.tex"
Package: tikz 2010/10/13 v2.10 (rcs-revision 1.76)

("D:\MiKTeX 2.9\tex\generic\pgf\libraries\pgflibraryplothandlers.code.tex"
File: pgflibraryplothandlers.code.tex 2010/05/31 v2.10 (rcs-revision 1.15)
\pgf@plot@mark@count=\count145
\pgfplotmarksize=\dimen182
)
\tikz@lastx=\dimen183
\tikz@lasty=\dimen184
\tikz@lastxsaved=\dimen185
\tikz@lastysaved=\dimen186
\tikzleveldistance=\dimen187
\tikzsiblingdistance=\dimen188
\tikz@figbox=\box65
\tikz@tempbox=\box66
\tikztreelevel=\count146
\tikznumberofchildren=\count147
\tikznumberofcurrentchild=\count148
\tikz@fig@count=\count149

("D:\MiKTeX 2.9\tex\generic\pgf\modules\pgfmodulematrix.code.tex"
File: pgfmodulematrix.code.tex 2010/08/24  (rcs-revision 1.4)
\pgfmatrixcurrentrow=\count150
\pgfmatrixcurrentcolumn=\count151
\pgf@matrix@numberofcolumns=\count152
)
\tikz@expandcount=\count153

("D:\MiKTeX 2.9\tex\generic\pgf\frontendlayer\tikz\libraries\tikzlibrarytopaths
.code.tex"
File: tikzlibrarytopaths.code.tex 2008/06/17 v2.10 (rcs-revision 1.2)
)))
("D:\MiKTeX 2.9\tex\generic\pgf\frontendlayer\tikz\libraries\tikzlibrarytrees.c
ode.tex"
File: tikzlibrarytrees.code.tex 2008/02/24 v2.10 (rcs-revision 1.2)
) ("D:\MiKTeX 2.9\tex\latex\psnfss\palatino.sty"
Package: palatino 2005/04/12 PSNFSS-v9.2a (SPQR) 
)
(C:\Users\Top-K\Documents\GitHub\IA54-TrafficSimulator\Rapport\phdthesis.sty
Package: phdthesis 2007/09/11 v1.0 PhD Thesis Style

("D:\MiKTeX 2.9\tex\latex\fancybox\fancybox.sty"
Package: fancybox 2010/05/15 1.4

Style option: `fancybox' v1.4 <2010/05/15> (tvz)
\@fancybox=\box67
\shadowsize=\dimen189
\@Sbox=\box68
\do@VerbBox=\toks35
\the@fancyput=\toks36
\this@fancyput=\toks37
\EndVerbatimTokens=\toks38
\Verbatim@Outfile=\write4
\Verbatim@Infile=\read2
) ("D:\MiKTeX 2.9\tex\latex\fancyhdr\fancyhdr.sty"
\fancy@headwidth=\skip51
\f@ncyO@elh=\skip52
\f@ncyO@erh=\skip53
\f@ncyO@olh=\skip54
\f@ncyO@orh=\skip55
\f@ncyO@elf=\skip56
\f@ncyO@erf=\skip57
\f@ncyO@olf=\skip58
\f@ncyO@orf=\skip59
)

Package Fancyhdr Warning: \fancyhead's `E' option without twoside option is use
less on input line 47.


Package Fancyhdr Warning: \fancyfoot's `E' option without twoside option is use
less on input line 51.

("D:\MiKTeX 2.9\tex\latex\quotchap\quotchap.sty"
Package: quotchap 2012/10/20 v1.1 Decorative Chapter Headings with Quotes
\@quotebox=\box69
)
("D:\MiKTeX 2.9\tex\latex\titlesec\titlesec.sty"
Package: titlesec 2011/12/15 v2.10.0 Sectioning titles
\ttl@box=\box70
\beforetitleunit=\skip60
\aftertitleunit=\skip61
\ttl@plus=\dimen190
\ttl@minus=\dimen191
\ttl@toksa=\toks39
\titlewidth=\dimen192
\titlewidthlast=\dimen193
\titlewidthfirst=\dimen194
))

Package hyperref Warning: Option `backref' has already been used,
(hyperref)                setting the option has no effect on input line 45.


Package hyperref Warning: Option `pagebackref' has already been used,
(hyperref)                setting the option has no effect on input line 45.


Package hyperref Warning: Option `hyperindex' has already been used,
(hyperref)                setting the option has no effect on input line 45.

Package hyperref Info: Option `colorlinks' set `true' on input line 45.
Package hyperref Info: Option `breaklinks' set `true' on input line 45.

Package hyperref Warning: Option `bookmarks' has already been used,
(hyperref)                setting the option has no effect on input line 45.

Package hyperref Info: Option `bookmarksopen' set `true' on input line 45.
("D:\MiKTeX 2.9\tex\generic\oberdiek\se-ascii-print.def"
File: se-ascii-print.def 2011/12/02 v1.10 stringenc: Printable ASCII characters

)

Package hyperref Warning: Token not allowed in a PDF string (Unicode):
(hyperref)                removing `alignment tab' on input line 45.

\auteurcitation=\box71
\boitecitation=\box72

(C:\Users\Top-K\Documents\GitHub\IA54-TrafficSimulator\Rapport\IA54_TrafficSimu
lator_Rapport.aux)
LaTeX Font Info:    Checking defaults for OML/cmm/m/it on input line 71.
LaTeX Font Info:    ... okay on input line 71.
LaTeX Font Info:    Checking defaults for T1/cmr/m/n on input line 71.
LaTeX Font Info:    ... okay on input line 71.
LaTeX Font Info:    Checking defaults for OT1/cmr/m/n on input line 71.
LaTeX Font Info:    ... okay on input line 71.
LaTeX Font Info:    Checking defaults for OMS/cmsy/m/n on input line 71.
LaTeX Font Info:    ... okay on input line 71.
LaTeX Font Info:    Checking defaults for OMX/cmex/m/n on input line 71.
LaTeX Font Info:    ... okay on input line 71.
LaTeX Font Info:    Checking defaults for U/cmr/m/n on input line 71.
LaTeX Font Info:    ... okay on input line 71.
LaTeX Font Info:    Checking defaults for PD1/pdf/m/n on input line 71.
LaTeX Font Info:    ... okay on input line 71.
LaTeX Font Info:    Checking defaults for PU/pdf/m/n on input line 71.
LaTeX Font Info:    ... okay on input line 71.
LaTeX Font Info:    Try loading font information for T1+ppl on input line 71.
 ("D:\MiKTeX 2.9\tex\latex\psnfss\t1ppl.fd"
File: t1ppl.fd 2001/06/04 font definitions for T1/ppl.
)
Requested font "pplr8t" at 12.0pt
LaTeX Info: Redefining \degres on input line 71.
LaTeX Info: Redefining \dots on input line 71.
LaTeX Info: Redefining \up on input line 71.


Package frenchb.ldf Warning: Add \usepackage{fontspec} *and*
(frenchb.ldf)                \usepackage{xunicode} to the preamble
(frenchb.ldf)                of your document, on input line 71.

*geometry* detected driver: pdftex
*geometry* verbose mode - [ preamble ] result:
* driver: pdftex
* paper: a4paper
* layout: <same size as paper>
* layoutoffset:(h,v)=(0.0pt,0.0pt)
* modes: 
* h-part:(L,W,R)=(85.35826pt, 426.79135pt, 85.35826pt)
* v-part:(T,H,B)=(113.81102pt, 674.33032pt, 56.9055pt)
* \paperwidth=597.50787pt
* \paperheight=845.04684pt
* \textwidth=426.79135pt
* \textheight=674.33032pt
* \oddsidemargin=13.08827pt
* \evensidemargin=13.08827pt
* \topmargin=4.54103pt
* \headheight=12.0pt
* \headsep=25.0pt
* \topskip=12.0pt
* \footskip=30.0pt
* \marginparwidth=35.0pt
* \marginparsep=10.0pt
* \columnsep=10.0pt
* \skip\footins=10.8pt plus 4.0pt minus 2.0pt
* \hoffset=0.0pt
* \voffset=0.0pt
* \mag=1000
* \@twocolumnfalse
* \@twosidefalse
* \@mparswitchfalse
* \@reversemarginfalse
* (1in=72.27pt=25.4mm, 1cm=28.453pt)

\AtBeginShipoutBox=\box73
Package hyperref Info: Link coloring ON on input line 71.
("D:\MiKTeX 2.9\tex\latex\hyperref\nameref.sty"
Package: nameref 2012/10/27 v2.43 Cross-referencing by name of section

("D:\MiKTeX 2.9\tex\generic\oberdiek\gettitlestring.sty"
Package: gettitlestring 2010/12/03 v1.4 Cleanup title references (HO)
)
\c@section@level=\count154
)
LaTeX Info: Redefining \ref on input line 71.
LaTeX Info: Redefining \pageref on input line 71.
LaTeX Info: Redefining \nameref on input line 71.

(C:\Users\Top-K\Documents\GitHub\IA54-TrafficSimulator\Rapport\IA54_TrafficSimu
lator_Rapport.out)
(C:\Users\Top-K\Documents\GitHub\IA54-TrafficSimulator\Rapport\IA54_TrafficSimu
lator_Rapport.out)
\@outlinefile=\write5
LaTeX Info: Redefining \celsius on input line 71.
Package gensymb Info: Faking symbols for \degree and \celsius on input line 71.



Package gensymb Warning: Not defining \perthousand.

LaTeX Info: Redefining \ohm on input line 71.
Package gensymb Info: Using \Omega for \ohm on input line 71.

Package gensymb Warning: Not defining \micro.

Package caption Info: Begin \AtBeginDocument code.
Package caption Info: End \AtBeginDocument code.
ABD: EveryShipout initializing macros
Requested font "pplr8t" at 24.88pt
LaTeX Font Info:    Try loading font information for T1+pag on input line 73.
 ("D:\MiKTeX 2.9\tex\latex\psnfss\t1pag.fd"
File: t1pag.fd 2001/06/04 font definitions for T1/pag.
)
LaTeX Font Info:    Font shape `T1/pag/b/n' in size <24.88> not available
(Font)              Font shape `T1/pag/db/n' tried instead on input line 73.
Requested font "pagd8t" at 24.88pt
LaTeX Font Info:    Font shape `T1/pag/b/n' in size <100> not available
(Font)              Font shape `T1/pag/db/n' tried instead on input line 73.
Requested font "pagd8t" at 100.0pt

(C:\Users\Top-K\Documents\GitHub\IA54-TrafficSimulator\Rapport\IA54_TrafficSimu
lator_Rapport.toc
LaTeX Font Info:    Font shape `T1/ppl/bx/n' in size <12> not available
(Font)              Font shape `T1/ppl/b/n' tried instead on input line 2.
Requested font "pplb8t" at 12.0pt
Requested font "cmr8" at 8.0pt
Requested font "cmr6" at 6.0pt
Requested font "cmmi12" at 12.0pt
Requested font "cmmi8" at 8.0pt
Requested font "cmmi6" at 6.0pt
Requested font "cmsy10" at 12.0pt
Requested font "cmsy8" at 8.0pt
Requested font "cmsy6" at 6.0pt
Requested font "cmex10" at 12.0pt
Requested font "cmex8" at 8.0pt
Requested font "cmex7" at 6.0pt
)
\tf@toc=\write6
 [2


]
Chapitre 1.

Underfull \hbox (badness 10000) in paragraph at lines 79--80

 []


Underfull \hbox (badness 10000) in paragraph at lines 83--84

 []

[3

]
Chapitre 2.

Overfull \hbox (5.00844pt too wide) in paragraph at lines 90--91
[]\T1/ppl/m/n/12 Notre si-mu-la-teur de traf-fic doit être im-plé-menté à l'aid
e de deux bi-blio-thèques :
 []


Underfull \hbox (badness 10000) in paragraph at lines 90--91

 []


Underfull \hbox (badness 10000) in paragraph at lines 92--93

 []


Underfull \hbox (badness 10000) in paragraph at lines 94--95

 []

[4

]
Chapitre 3.
LaTeX Font Info:    Try loading font information for T1+phv on input line 98.
("D:\MiKTeX 2.9\tex\latex\psnfss\t1phv.fd"
File: t1phv.fd 2001/06/04 scalable font definitions for T1/phv.
)
Requested font "phvr8t" at 12.0pt
LaTeX Font Info:    Font shape `T1/phv/bx/n' in size <12> not available
(Font)              Font shape `T1/phv/b/n' tried instead on input line 98.
Requested font "phvb8t" at 12.0pt
LaTeX Font Info:    Font shape `T1/phv/bx/n' in size <17.28> not available
(Font)              Font shape `T1/phv/b/n' tried instead on input line 98.
Requested font "phvb8t" at 17.28pt

Underfull \hbox (badness 10000) in paragraph at lines 100--101

 []

Requested font "pplri8t" at 12.0pt

Underfull \hbox (badness 10000) in paragraph at lines 157--158

 []


Underfull \hbox (badness 10000) in paragraph at lines 159--160

 []

[5

]
Underfull \hbox (badness 10000) in paragraph at lines 161--162

 []


Underfull \hbox (badness 10000) in paragraph at lines 163--164

 []


Underfull \hbox (badness 10000) in paragraph at lines 165--166

 []


Underfull \hbox (badness 10000) in paragraph at lines 171--172

 []

File: environnement.png Graphic file (type QTm)
<use  "environnement.png" >
Underfull \hbox (badness 10000) in paragraph at lines 178--179

 []


Underfull \hbox (badness 10000) in paragraph at lines 180--181

 []


Package Fancyhdr Warning: \headheight is too small (12.0pt): 
 Make it at least 14.49998pt.
 We now make it that large for the rest of the document.
 This may cause the page layout to be inconsistent, however.

[6]
Underfull \hbox (badness 10000) in paragraph at lines 182--183

 []


Underfull \hbox (badness 10000) in paragraph at lines 194--195

 []


Underfull \hbox (badness 10000) in paragraph at lines 196--197

 []


Underfull \hbox (badness 10000) in paragraph at lines 198--199

 []


Underfull \hbox (badness 10000) in paragraph at lines 200--201

 []


Underfull \hbox (badness 10000) in paragraph at lines 205--206

 []


Underfull \hbox (badness 10000) in paragraph at lines 208--209

 []

[7]
Underfull \hbox (badness 10000) in paragraph at lines 214--215

 []


Underfull \hbox (badness 10000) in paragraph at lines 221--222

 []


Underfull \hbox (badness 10000) in paragraph at lines 223--224

 []

[8]
Chapitre 4.

Underfull \hbox (badness 10000) in paragraph at lines 238--239

 []


Underfull \hbox (badness 10000) in paragraph at lines 240--241

 []


Underfull \hbox (badness 10000) in paragraph at lines 246--247

 []


Underfull \hbox (badness 10000) in paragraph at lines 251--252

 []


Underfull \hbox (badness 10000) in paragraph at lines 257--258

 []

[9

]
Underfull \hbox (badness 10000) in paragraph at lines 261--262

 []

LaTeX Font Info:    Try loading font information for T1+pcr on input line 265.
("D:\MiKTeX 2.9\tex\latex\psnfss\t1pcr.fd"
File: t1pcr.fd 2001/06/04 font definitions for T1/pcr.
)
Requested font "pcrr8t" at 12.0pt
 [10]
Chapitre 5.

Underfull \hbox (badness 10000) in paragraph at lines 274--275

 []


Underfull \hbox (badness 10000) in paragraph at lines 276--277

 []


Underfull \hbox (badness 10000) in paragraph at lines 278--279

 []

Package atveryend Info: Empty hook `BeforeClearDocument' on input line 280.
[11

]
Package atveryend Info: Empty hook `AfterLastShipout' on input line 280.

(C:\Users\Top-K\Documents\GitHub\IA54-TrafficSimulator\Rapport\IA54_TrafficSimu
lator_Rapport.aux)
Package atveryend Info: Empty hook `AtVeryEndDocument' on input line 280.
Package atveryend Info: Empty hook `AtEndAfterFileList' on input line 280.
Package atveryend Info: Empty hook `AtVeryVeryEnd' on input line 280.
 ) 
Here is how much of TeX's memory you used:
 20386 strings out of 429025
 331174 string characters out of 3170137
 407419 words of memory out of 3000000
 23339 multiletter control sequences out of 15000+200000
 20657 words of font info for 38 fonts, out of 3000000 for 9000
 912 hyphenation exceptions out of 8191
 56i,11n,55p,552b,1166s stack positions out of 5000i,500n,10000p,200000b,50000s

Output written on IA54_TrafficSimulator_Rapport.pdf (10 pages).
